c[[90m11:30:09 AM[0m] Starting compilation in watch mode...

To restart at any time, enter rs.

[[90m11:30:30 AM[0m] Found 0 errors. Watching for file changes.

objc[30935]: Class GNotificationCenterDelegate is implemented in both /opt/homebrew/Cellar/glib/2.88.0/lib/libgio-2.0.0.dylib (0x1268e06d0) and /Users/bytedance/Documents/postiz-app/node_modules/sharp/node_modules/@img/sharp-libvips-darwin-arm64/lib/libvips-cpp.42.dylib (0x12b779a28). This may cause spurious casting failures and mysterious crashes. One of the duplicates must be removed or renamed.
[Nest] 30935  - 07/06/2026, 11:30:39 AM     LOG [NestFactory] Starting Nest application...
[Nest] 30935  - 07/06/2026, 11:30:39 AM     LOG [TemporalConnectionFactory] Creating new client connection to 127.0.0.1:7233 (attempt 1)
[Nest] 30935  - 07/06/2026, 11:30:39 AM     LOG [TemporalConnectionFactory] TemporalConnectionFactory
[Nest] 30935  - 07/06/2026, 11:30:39 AM     LOG [TemporalConnectionFactory] Successfully connected to 127.0.0.1:7233
[Nest] 30935  - 07/06/2026, 11:30:39 AM     LOG [TemporalConnectionFactory] TemporalConnectionFactory
[Nest] 30935  - 07/06/2026, 11:30:39 AM     LOG [InstanceLoader] DiscoveryModule dependencies initialized +43ms
[Nest] 30935  - 07/06/2026, 11:30:39 AM     LOG [TemporalConnectionFactory] Worker connection established to 127.0.0.1:7233
[Nest] 30935  - 07/06/2026, 11:30:39 AM     LOG [TemporalConnectionFactory] TemporalConnectionFactory
Email service provider: no provider
[Nest] 30935  - 07/06/2026, 11:30:39 AM     LOG [InstanceLoader] TemporalModule dependencies initialized +1ms
[Nest] 30935  - 07/06/2026, 11:30:39 AM     LOG [InstanceLoader] DatabaseModule dependencies initialized +0ms
[Nest] 30935  - 07/06/2026, 11:30:39 AM     LOG [InstanceLoader] AppModule dependencies initialized +0ms
[Nest] 30935  - 07/06/2026, 11:30:39 AM     LOG [RoutesResolver] HealthController {/health}: +3ms
[Nest] 30935  - 07/06/2026, 11:30:39 AM     LOG [RouterExplorer] Mapped {/health/status, GET} route +2ms
2026-07-06T03:30:40.766Z [INFO] asset workflow-bundle-26aefc58992e2f34aac2.js 3.01 MiB [emitted] [immutable] (name: main)
runtime modules 1010 bytes 5 modules
modules by path ../../node_modules/ 964 KiB
  modules by path ../../node_modules/@temporalio/ 332 KiB 55 modules
  modules by path ../../node_modules/nexus-rpc/lib/ 25.6 KiB 17 modules
  + 4 modules
modules by path ./dist/ 61.3 KiB
  modules by path ./dist/apps/orchestrator/src/workflows/ 60.1 KiB 13 modules
  modules by path ./dist/libraries/nestjs-libraries/src/ 803 bytes 2 modules
  modules by path ./dist/apps/orchestrator/src/signals/*.js 452 bytes 2 modules
optional modules 30 bytes [optional]
  __temporal_custom_payload_converter (ignored) 15 bytes [optional] [built] [code generated]
  __temporal_custom_failure_converter (ignored) 15 bytes [optional] [built] [code generated]
webpack 5.105.4 compiled successfully in 666 ms { sdkComponent: 'worker', taskQueue: 'main' }
2026-07-06T03:30:40.771Z [INFO] Workflow bundle created { sdkComponent: 'worker', taskQueue: 'main', size: '3.01MB' }
2026-07-06T03:30:41.445Z [INFO] asset workflow-bundle-26aefc58992e2f34aac2.js 3.01 MiB [emitted] [immutable] (name: main)
runtime modules 1010 bytes 5 modules
modules by path ../../node_modules/ 964 KiB
  modules by path ../../node_modules/@temporalio/ 332 KiB 55 modules
  modules by path ../../node_modules/nexus-rpc/lib/ 25.6 KiB 17 modules
  + 4 modules
modules by path ./dist/ 61.3 KiB
  modules by path ./dist/apps/orchestrator/src/workflows/ 60.1 KiB 13 modules
  modules by path ./dist/libraries/nestjs-libraries/src/ 803 bytes 2 modules
  modules by path ./dist/apps/orchestrator/src/signals/*.js 452 bytes 2 modules
optional modules 30 bytes [optional]
  __temporal_custom_payload_converter (ignored) 15 bytes [optional] [built] [code generated]
  __temporal_custom_failure_converter (ignored) 15 bytes [optional] [built] [code generated]
webpack 5.105.4 compiled successfully in 365 ms { sdkComponent: 'worker', taskQueue: 'x' }
2026-07-06T03:30:41.449Z [INFO] Workflow bundle created { sdkComponent: 'worker', taskQueue: 'x', size: '3.01MB' }
2026-07-06T03:30:42.126Z [INFO] asset workflow-bundle-26aefc58992e2f34aac2.js 3.01 MiB [emitted] [immutable] (name: main)
runtime modules 1010 bytes 5 modules
modules by path ../../node_modules/ 964 KiB
  modules by path ../../node_modules/@temporalio/ 332 KiB 55 modules
  modules by path ../../node_modules/nexus-rpc/lib/ 25.6 KiB 17 modules
  + 4 modules
modules by path ./dist/ 61.3 KiB
  modules by path ./dist/apps/orchestrator/src/workflows/ 60.1 KiB 13 modules
  modules by path ./dist/libraries/nestjs-libraries/src/ 803 bytes 2 modules
  modules by path ./dist/apps/orchestrator/src/signals/*.js 452 bytes 2 modules
optional modules 30 bytes [optional]
  __temporal_custom_payload_converter (ignored) 15 bytes [optional] [built] [code generated]
  __temporal_custom_failure_converter (ignored) 15 bytes [optional] [built] [code generated]
webpack 5.105.4 compiled successfully in 450 ms { sdkComponent: 'worker', taskQueue: 'linkedin' }
2026-07-06T03:30:42.130Z [INFO] Workflow bundle created { sdkComponent: 'worker', taskQueue: 'linkedin', size: '3.01MB' }
2026-07-06T03:30:42.769Z [INFO] asset workflow-bundle-26aefc58992e2f34aac2.js 3.01 MiB [emitted] [immutable] (name: main)
runtime modules 1010 bytes 5 modules
modules by path ../../node_modules/ 964 KiB
  modules by path ../../node_modules/@temporalio/ 332 KiB 55 modules
  modules by path ../../node_modules/nexus-rpc/lib/ 25.6 KiB 17 modules
  + 4 modules
modules by path ./dist/ 61.3 KiB
  modules by path ./dist/apps/orchestrator/src/workflows/ 60.1 KiB 13 modules
  modules by path ./dist/libraries/nestjs-libraries/src/ 803 bytes 2 modules
  modules by path ./dist/apps/orchestrator/src/signals/*.js 452 bytes 2 modules
optional modules 30 bytes [optional]
  __temporal_custom_payload_converter (ignored) 15 bytes [optional] [built] [code generated]
  __temporal_custom_failure_converter (ignored) 15 bytes [optional] [built] [code generated]
webpack 5.105.4 compiled successfully in 336 ms { sdkComponent: 'worker', taskQueue: 'reddit' }
2026-07-06T03:30:42.772Z [INFO] Workflow bundle created { sdkComponent: 'worker', taskQueue: 'reddit', size: '3.01MB' }
2026-07-06T03:30:43.290Z [INFO] asset workflow-bundle-26aefc58992e2f34aac2.js 3.01 MiB [emitted] [immutable] (name: main)
runtime modules 1010 bytes 5 modules
modules by path ../../node_modules/ 964 KiB
  modules by path ../../node_modules/@temporalio/ 332 KiB 55 modules
  modules by path ../../node_modules/nexus-rpc/lib/ 25.6 KiB 17 modules
  + 4 modules
modules by path ./dist/ 61.3 KiB
  modules by path ./dist/apps/orchestrator/src/workflows/ 60.1 KiB 13 modules
  modules by path ./dist/libraries/nestjs-libraries/src/ 803 bytes 2 modules
  modules by path ./dist/apps/orchestrator/src/signals/*.js 452 bytes 2 modules
optional modules 30 bytes [optional]
  __temporal_custom_payload_converter (ignored) 15 bytes [optional] [built] [code generated]
  __temporal_custom_failure_converter (ignored) 15 bytes [optional] [built] [code generated]
webpack 5.105.4 compiled successfully in 324 ms { sdkComponent: 'worker', taskQueue: 'instagram' }
2026-07-06T03:30:43.295Z [INFO] Workflow bundle created { sdkComponent: 'worker', taskQueue: 'instagram', size: '3.01MB' }
2026-07-06T03:30:43.846Z [INFO] asset workflow-bundle-26aefc58992e2f34aac2.js 3.01 MiB [emitted] [immutable] (name: main)
runtime modules 1010 bytes 5 modules
modules by path ../../node_modules/ 964 KiB
  modules by path ../../node_modules/@temporalio/ 332 KiB 55 modules
  modules by path ../../node_modules/nexus-rpc/lib/ 25.6 KiB 17 modules
  + 4 modules
modules by path ./dist/ 61.3 KiB
  modules by path ./dist/apps/orchestrator/src/workflows/ 60.1 KiB 13 modules
  modules by path ./dist/libraries/nestjs-libraries/src/ 803 bytes 2 modules
  modules by path ./dist/apps/orchestrator/src/signals/*.js 452 bytes 2 modules
optional modules 30 bytes [optional]
  __temporal_custom_payload_converter (ignored) 15 bytes [optional] [built] [code generated]
  __temporal_custom_failure_converter (ignored) 15 bytes [optional] [built] [code generated]
webpack 5.105.4 compiled successfully in 327 ms { sdkComponent: 'worker', taskQueue: 'facebook' }
2026-07-06T03:30:43.850Z [INFO] Workflow bundle created { sdkComponent: 'worker', taskQueue: 'facebook', size: '3.01MB' }
2026-07-06T03:30:44.361Z [INFO] asset workflow-bundle-26aefc58992e2f34aac2.js 3.01 MiB [emitted] [immutable] (name: main)
runtime modules 1010 bytes 5 modules
modules by path ../../node_modules/ 964 KiB
  modules by path ../../node_modules/@temporalio/ 332 KiB 55 modules
  modules by path ../../node_modules/nexus-rpc/lib/ 25.6 KiB 17 modules
  + 4 modules
modules by path ./dist/ 61.3 KiB
  modules by path ./dist/apps/orchestrator/src/workflows/ 60.1 KiB 13 modules
  modules by path ./dist/libraries/nestjs-libraries/src/ 803 bytes 2 modules
  modules by path ./dist/apps/orchestrator/src/signals/*.js 452 bytes 2 modules
optional modules 30 bytes [optional]
  __temporal_custom_payload_converter (ignored) 15 bytes [optional] [built] [code generated]
  __temporal_custom_failure_converter (ignored) 15 bytes [optional] [built] [code generated]
webpack 5.105.4 compiled successfully in 317 ms { sdkComponent: 'worker', taskQueue: 'threads' }
2026-07-06T03:30:44.365Z [INFO] Workflow bundle created { sdkComponent: 'worker', taskQueue: 'threads', size: '3.01MB' }
2026-07-06T03:30:44.942Z [INFO] asset workflow-bundle-26aefc58992e2f34aac2.js 3.01 MiB [emitted] [immutable] (name: main)
runtime modules 1010 bytes 5 modules
modules by path ../../node_modules/ 964 KiB
  modules by path ../../node_modules/@temporalio/ 332 KiB 55 modules
  modules by path ../../node_modules/nexus-rpc/lib/ 25.6 KiB 17 modules
  + 4 modules
modules by path ./dist/ 61.3 KiB
  modules by path ./dist/apps/orchestrator/src/workflows/ 60.1 KiB 13 modules
  modules by path ./dist/libraries/nestjs-libraries/src/ 803 bytes 2 modules
  modules by path ./dist/apps/orchestrator/src/signals/*.js 452 bytes 2 modules
optional modules 30 bytes [optional]
  __temporal_custom_payload_converter (ignored) 15 bytes [optional] [built] [code generated]
  __temporal_custom_failure_converter (ignored) 15 bytes [optional] [built] [code generated]
webpack 5.105.4 compiled successfully in 356 ms { sdkComponent: 'worker', taskQueue: 'youtube' }
2026-07-06T03:30:44.946Z [INFO] Workflow bundle created { sdkComponent: 'worker', taskQueue: 'youtube', size: '3.01MB' }
2026-07-06T03:30:45.470Z [INFO] asset workflow-bundle-26aefc58992e2f34aac2.js 3.01 MiB [emitted] [immutable] (name: main)
runtime modules 1010 bytes 5 modules
modules by path ../../node_modules/ 964 KiB
  modules by path ../../node_modules/@temporalio/ 332 KiB 55 modules
  modules by path ../../node_modules/nexus-rpc/lib/ 25.6 KiB 17 modules
  + 4 modules
modules by path ./dist/ 61.3 KiB
  modules by path ./dist/apps/orchestrator/src/workflows/ 60.1 KiB 13 modules
  modules by path ./dist/libraries/nestjs-libraries/src/ 803 bytes 2 modules
  modules by path ./dist/apps/orchestrator/src/signals/*.js 452 bytes 2 modules
optional modules 30 bytes [optional]
  __temporal_custom_payload_converter (ignored) 15 bytes [optional] [built] [code generated]
  __temporal_custom_failure_converter (ignored) 15 bytes [optional] [built] [code generated]
webpack 5.105.4 compiled successfully in 321 ms { sdkComponent: 'worker', taskQueue: 'gmb' }
2026-07-06T03:30:45.474Z [INFO] Workflow bundle created { sdkComponent: 'worker', taskQueue: 'gmb', size: '3.01MB' }
2026-07-06T03:30:45.989Z [INFO] asset workflow-bundle-26aefc58992e2f34aac2.js 3.01 MiB [emitted] [immutable] (name: main)
runtime modules 1010 bytes 5 modules
modules by path ../../node_modules/ 964 KiB
  modules by path ../../node_modules/@temporalio/ 332 KiB 55 modules
  modules by path ../../node_modules/nexus-rpc/lib/ 25.6 KiB 17 modules
  + 4 modules
modules by path ./dist/ 61.3 KiB
  modules by path ./dist/apps/orchestrator/src/workflows/ 60.1 KiB 13 modules
  modules by path ./dist/libraries/nestjs-libraries/src/ 803 bytes 2 modules
  modules by path ./dist/apps/orchestrator/src/signals/*.js 452 bytes 2 modules
optional modules 30 bytes [optional]
  __temporal_custom_payload_converter (ignored) 15 bytes [optional] [built] [code generated]
  __temporal_custom_failure_converter (ignored) 15 bytes [optional] [built] [code generated]
webpack 5.105.4 compiled successfully in 321 ms { sdkComponent: 'worker', taskQueue: 'tiktok' }
2026-07-06T03:30:45.993Z [INFO] Workflow bundle created { sdkComponent: 'worker', taskQueue: 'tiktok', size: '3.01MB' }
2026-07-06T03:30:46.534Z [INFO] asset workflow-bundle-26aefc58992e2f34aac2.js 3.01 MiB [emitted] [immutable] (name: main)
runtime modules 1010 bytes 5 modules
modules by path ../../node_modules/ 964 KiB
  modules by path ../../node_modules/@temporalio/ 332 KiB 55 modules
  modules by path ../../node_modules/nexus-rpc/lib/ 25.6 KiB 17 modules
  + 4 modules
modules by path ./dist/ 61.3 KiB
  modules by path ./dist/apps/orchestrator/src/workflows/ 60.1 KiB 13 modules
  modules by path ./dist/libraries/nestjs-libraries/src/ 803 bytes 2 modules
  modules by path ./dist/apps/orchestrator/src/signals/*.js 452 bytes 2 modules
optional modules 30 bytes [optional]
  __temporal_custom_payload_converter (ignored) 15 bytes [optional] [built] [code generated]
  __temporal_custom_failure_converter (ignored) 15 bytes [optional] [built] [code generated]
webpack 5.105.4 compiled successfully in 327 ms { sdkComponent: 'worker', taskQueue: 'pinterest' }
2026-07-06T03:30:46.537Z [INFO] Workflow bundle created { sdkComponent: 'worker', taskQueue: 'pinterest', size: '3.01MB' }
2026-07-06T03:30:47.065Z [INFO] asset workflow-bundle-26aefc58992e2f34aac2.js 3.01 MiB [emitted] [immutable] (name: main)
runtime modules 1010 bytes 5 modules
modules by path ../../node_modules/ 964 KiB
  modules by path ../../node_modules/@temporalio/ 332 KiB 55 modules
  modules by path ../../node_modules/nexus-rpc/lib/ 25.6 KiB 17 modules
  + 4 modules
modules by path ./dist/ 61.3 KiB
  modules by path ./dist/apps/orchestrator/src/workflows/ 60.1 KiB 13 modules
  modules by path ./dist/libraries/nestjs-libraries/src/ 803 bytes 2 modules
  modules by path ./dist/apps/orchestrator/src/signals/*.js 452 bytes 2 modules
optional modules 30 bytes [optional]
  __temporal_custom_payload_converter (ignored) 15 bytes [optional] [built] [code generated]
  __temporal_custom_failure_converter (ignored) 15 bytes [optional] [built] [code generated]
webpack 5.105.4 compiled successfully in 318 ms { sdkComponent: 'worker', taskQueue: 'dribbble' }
2026-07-06T03:30:47.069Z [INFO] Workflow bundle created { sdkComponent: 'worker', taskQueue: 'dribbble', size: '3.01MB' }
2026-07-06T03:30:47.652Z [INFO] asset workflow-bundle-26aefc58992e2f34aac2.js 3.01 MiB [emitted] [immutable] (name: main)
runtime modules 1010 bytes 5 modules
modules by path ../../node_modules/ 964 KiB
  modules by path ../../node_modules/@temporalio/ 332 KiB 55 modules
  modules by path ../../node_modules/nexus-rpc/lib/ 25.6 KiB 17 modules
  + 4 modules
modules by path ./dist/ 61.3 KiB
  modules by path ./dist/apps/orchestrator/src/workflows/ 60.1 KiB 13 modules
  modules by path ./dist/libraries/nestjs-libraries/src/ 803 bytes 2 modules
  modules by path ./dist/apps/orchestrator/src/signals/*.js 452 bytes 2 modules
optional modules 30 bytes [optional]
  __temporal_custom_payload_converter (ignored) 15 bytes [optional] [built] [code generated]
  __temporal_custom_failure_converter (ignored) 15 bytes [optional] [built] [code generated]
webpack 5.105.4 compiled successfully in 395 ms { sdkComponent: 'worker', taskQueue: 'discord' }
2026-07-06T03:30:47.656Z [INFO] Workflow bundle created { sdkComponent: 'worker', taskQueue: 'discord', size: '3.01MB' }
2026-07-06T03:30:48.175Z [INFO] asset workflow-bundle-26aefc58992e2f34aac2.js 3.01 MiB [emitted] [immutable] (name: main)
runtime modules 1010 bytes 5 modules
modules by path ../../node_modules/ 964 KiB
  modules by path ../../node_modules/@temporalio/ 332 KiB 55 modules
  modules by path ../../node_modules/nexus-rpc/lib/ 25.6 KiB 17 modules
  + 4 modules
modules by path ./dist/ 61.3 KiB
  modules by path ./dist/apps/orchestrator/src/workflows/ 60.1 KiB 13 modules
  modules by path ./dist/libraries/nestjs-libraries/src/ 803 bytes 2 modules
  modules by path ./dist/apps/orchestrator/src/signals/*.js 452 bytes 2 modules
optional modules 30 bytes [optional]
  __temporal_custom_payload_converter (ignored) 15 bytes [optional] [built] [code generated]
  __temporal_custom_failure_converter (ignored) 15 bytes [optional] [built] [code generated]
webpack 5.105.4 compiled successfully in 319 ms { sdkComponent: 'worker', taskQueue: 'slack' }
2026-07-06T03:30:48.178Z [INFO] Workflow bundle created { sdkComponent: 'worker', taskQueue: 'slack', size: '3.01MB' }
2026-07-06T03:30:48.843Z [INFO] asset workflow-bundle-26aefc58992e2f34aac2.js 3.01 MiB [emitted] [immutable] (name: main)
runtime modules 1010 bytes 5 modules
modules by path ../../node_modules/ 964 KiB
  modules by path ../../node_modules/@temporalio/ 332 KiB 55 modules
  modules by path ../../node_modules/nexus-rpc/lib/ 25.6 KiB 17 modules
  + 4 modules
modules by path ./dist/ 61.3 KiB
  modules by path ./dist/apps/orchestrator/src/workflows/ 60.1 KiB 13 modules
  modules by path ./dist/libraries/nestjs-libraries/src/ 803 bytes 2 modules
  modules by path ./dist/apps/orchestrator/src/signals/*.js 452 bytes 2 modules
optional modules 30 bytes [optional]
  __temporal_custom_payload_converter (ignored) 15 bytes [optional] [built] [code generated]
  __temporal_custom_failure_converter (ignored) 15 bytes [optional] [built] [code generated]
webpack 5.105.4 compiled successfully in 308 ms { sdkComponent: 'worker', taskQueue: 'kick' }
2026-07-06T03:30:48.846Z [INFO] Workflow bundle created { sdkComponent: 'worker', taskQueue: 'kick', size: '3.01MB' }
2026-07-06T03:30:49.398Z [INFO] asset workflow-bundle-26aefc58992e2f34aac2.js 3.01 MiB [emitted] [immutable] (name: main)
runtime modules 1010 bytes 5 modules
modules by path ../../node_modules/ 964 KiB
  modules by path ../../node_modules/@temporalio/ 332 KiB 55 modules
  modules by path ../../node_modules/nexus-rpc/lib/ 25.6 KiB 17 modules
  + 4 modules
modules by path ./dist/ 61.3 KiB
  modules by path ./dist/apps/orchestrator/src/workflows/ 60.1 KiB 13 modules
  modules by path ./dist/libraries/nestjs-libraries/src/ 803 bytes 2 modules
  modules by path ./dist/apps/orchestrator/src/signals/*.js 452 bytes 2 modules
optional modules 30 bytes [optional]
  __temporal_custom_payload_converter (ignored) 15 bytes [optional] [built] [code generated]
  __temporal_custom_failure_converter (ignored) 15 bytes [optional] [built] [code generated]
webpack 5.105.4 compiled successfully in 310 ms { sdkComponent: 'worker', taskQueue: 'twitch' }
2026-07-06T03:30:49.402Z [INFO] Workflow bundle created { sdkComponent: 'worker', taskQueue: 'twitch', size: '3.01MB' }
2026-07-06T03:30:49.892Z [INFO] asset workflow-bundle-26aefc58992e2f34aac2.js 3.01 MiB [emitted] [immutable] (name: main)
runtime modules 1010 bytes 5 modules
modules by path ../../node_modules/ 964 KiB
  modules by path ../../node_modules/@temporalio/ 332 KiB 55 modules
  modules by path ../../node_modules/nexus-rpc/lib/ 25.6 KiB 17 modules
  + 4 modules
modules by path ./dist/ 61.3 KiB
  modules by path ./dist/apps/orchestrator/src/workflows/ 60.1 KiB 13 modules
  modules by path ./dist/libraries/nestjs-libraries/src/ 803 bytes 2 modules
  modules by path ./dist/apps/orchestrator/src/signals/*.js 452 bytes 2 modules
optional modules 30 bytes [optional]
  __temporal_custom_payload_converter (ignored) 15 bytes [optional] [built] [code generated]
  __temporal_custom_failure_converter (ignored) 15 bytes [optional] [built] [code generated]
webpack 5.105.4 compiled successfully in 303 ms { sdkComponent: 'worker', taskQueue: 'mastodon' }
2026-07-06T03:30:49.897Z [INFO] Workflow bundle created { sdkComponent: 'worker', taskQueue: 'mastodon', size: '3.01MB' }
2026-07-06T03:30:50.385Z [INFO] asset workflow-bundle-26aefc58992e2f34aac2.js 3.01 MiB [emitted] [immutable] (name: main)
runtime modules 1010 bytes 5 modules
modules by path ../../node_modules/ 964 KiB
  modules by path ../../node_modules/@temporalio/ 332 KiB 55 modules
  modules by path ../../node_modules/nexus-rpc/lib/ 25.6 KiB 17 modules
  + 4 modules
modules by path ./dist/ 61.3 KiB
  modules by path ./dist/apps/orchestrator/src/workflows/ 60.1 KiB 13 modules
  modules by path ./dist/libraries/nestjs-libraries/src/ 803 bytes 2 modules
  modules by path ./dist/apps/orchestrator/src/signals/*.js 452 bytes 2 modules
optional modules 30 bytes [optional]
  __temporal_custom_payload_converter (ignored) 15 bytes [optional] [built] [code generated]
  __temporal_custom_failure_converter (ignored) 15 bytes [optional] [built] [code generated]
webpack 5.105.4 compiled successfully in 294 ms { sdkComponent: 'worker', taskQueue: 'bluesky' }
2026-07-06T03:30:50.389Z [INFO] Workflow bundle created { sdkComponent: 'worker', taskQueue: 'bluesky', size: '3.01MB' }
2026-07-06T03:30:50.899Z [INFO] asset workflow-bundle-26aefc58992e2f34aac2.js 3.01 MiB [emitted] [immutable] (name: main)
runtime modules 1010 bytes 5 modules
modules by path ../../node_modules/ 964 KiB
  modules by path ../../node_modules/@temporalio/ 332 KiB 55 modules
  modules by path ../../node_modules/nexus-rpc/lib/ 25.6 KiB 17 modules
  + 4 modules
modules by path ./dist/ 61.3 KiB
  modules by path ./dist/apps/orchestrator/src/workflows/ 60.1 KiB 13 modules
  modules by path ./dist/libraries/nestjs-libraries/src/ 803 bytes 2 modules
  modules by path ./dist/apps/orchestrator/src/signals/*.js 452 bytes 2 modules
optional modules 30 bytes [optional]
  __temporal_custom_payload_converter (ignored) 15 bytes [optional] [built] [code generated]
  __temporal_custom_failure_converter (ignored) 15 bytes [optional] [built] [code generated]
webpack 5.105.4 compiled successfully in 305 ms { sdkComponent: 'worker', taskQueue: 'lemmy' }
2026-07-06T03:30:50.902Z [INFO] Workflow bundle created { sdkComponent: 'worker', taskQueue: 'lemmy', size: '3.01MB' }
2026-07-06T03:30:51.405Z [INFO] asset workflow-bundle-26aefc58992e2f34aac2.js 3.01 MiB [emitted] [immutable] (name: main)
runtime modules 1010 bytes 5 modules
modules by path ../../node_modules/ 964 KiB
  modules by path ../../node_modules/@temporalio/ 332 KiB 55 modules
  modules by path ../../node_modules/nexus-rpc/lib/ 25.6 KiB 17 modules
  + 4 modules
modules by path ./dist/ 61.3 KiB
  modules by path ./dist/apps/orchestrator/src/workflows/ 60.1 KiB 13 modules
  modules by path ./dist/libraries/nestjs-libraries/src/ 803 bytes 2 modules
  modules by path ./dist/apps/orchestrator/src/signals/*.js 452 bytes 2 modules
optional modules 30 bytes [optional]
  __temporal_custom_payload_converter (ignored) 15 bytes [optional] [built] [code generated]
  __temporal_custom_failure_converter (ignored) 15 bytes [optional] [built] [code generated]
webpack 5.105.4 compiled successfully in 303 ms { sdkComponent: 'worker', taskQueue: 'wrapcast' }
2026-07-06T03:30:51.409Z [INFO] Workflow bundle created { sdkComponent: 'worker', taskQueue: 'wrapcast', size: '3.01MB' }
2026-07-06T03:30:51.928Z [INFO] asset workflow-bundle-26aefc58992e2f34aac2.js 3.01 MiB [emitted] [immutable] (name: main)
runtime modules 1010 bytes 5 modules
modules by path ../../node_modules/ 964 KiB
  modules by path ../../node_modules/@temporalio/ 332 KiB 55 modules
  modules by path ../../node_modules/nexus-rpc/lib/ 25.6 KiB 17 modules
  + 4 modules
modules by path ./dist/ 61.3 KiB
  modules by path ./dist/apps/orchestrator/src/workflows/ 60.1 KiB 13 modules
  modules by path ./dist/libraries/nestjs-libraries/src/ 803 bytes 2 modules
  modules by path ./dist/apps/orchestrator/src/signals/*.js 452 bytes 2 modules
optional modules 30 bytes [optional]
  __temporal_custom_payload_converter (ignored) 15 bytes [optional] [built] [code generated]
  __temporal_custom_failure_converter (ignored) 15 bytes [optional] [built] [code generated]
webpack 5.105.4 compiled successfully in 327 ms { sdkComponent: 'worker', taskQueue: 'telegram' }
2026-07-06T03:30:51.931Z [INFO] Workflow bundle created { sdkComponent: 'worker', taskQueue: 'telegram', size: '3.01MB' }
2026-07-06T03:30:52.428Z [INFO] asset workflow-bundle-26aefc58992e2f34aac2.js 3.01 MiB [emitted] [immutable] (name: main)
runtime modules 1010 bytes 5 modules
modules by path ../../node_modules/ 964 KiB
  modules by path ../../node_modules/@temporalio/ 332 KiB 55 modules
  modules by path ../../node_modules/nexus-rpc/lib/ 25.6 KiB 17 modules
  + 4 modules
modules by path ./dist/ 61.3 KiB
  modules by path ./dist/apps/orchestrator/src/workflows/ 60.1 KiB 13 modules
  modules by path ./dist/libraries/nestjs-libraries/src/ 803 bytes 2 modules
  modules by path ./dist/apps/orchestrator/src/signals/*.js 452 bytes 2 modules
optional modules 30 bytes [optional]
  __temporal_custom_payload_converter (ignored) 15 bytes [optional] [built] [code generated]
  __temporal_custom_failure_converter (ignored) 15 bytes [optional] [built] [code generated]
webpack 5.105.4 compiled successfully in 311 ms { sdkComponent: 'worker', taskQueue: 'nostr' }
2026-07-06T03:30:52.432Z [INFO] Workflow bundle created { sdkComponent: 'worker', taskQueue: 'nostr', size: '3.01MB' }
2026-07-06T03:30:52.922Z [INFO] asset workflow-bundle-26aefc58992e2f34aac2.js 3.01 MiB [emitted] [immutable] (name: main)
runtime modules 1010 bytes 5 modules
modules by path ../../node_modules/ 964 KiB
  modules by path ../../node_modules/@temporalio/ 332 KiB 55 modules
  modules by path ../../node_modules/nexus-rpc/lib/ 25.6 KiB 17 modules
  + 4 modules
modules by path ./dist/ 61.3 KiB
  modules by path ./dist/apps/orchestrator/src/workflows/ 60.1 KiB 13 modules
  modules by path ./dist/libraries/nestjs-libraries/src/ 803 bytes 2 modules
  modules by path ./dist/apps/orchestrator/src/signals/*.js 452 bytes 2 modules
optional modules 30 bytes [optional]
  __temporal_custom_payload_converter (ignored) 15 bytes [optional] [built] [code generated]
  __temporal_custom_failure_converter (ignored) 15 bytes [optional] [built] [code generated]
webpack 5.105.4 compiled successfully in 307 ms { sdkComponent: 'worker', taskQueue: 'vk' }
2026-07-06T03:30:52.925Z [INFO] Workflow bundle created { sdkComponent: 'worker', taskQueue: 'vk', size: '3.01MB' }
2026-07-06T03:30:53.467Z [INFO] asset workflow-bundle-26aefc58992e2f34aac2.js 3.01 MiB [emitted] [immutable] (name: main)
runtime modules 1010 bytes 5 modules
modules by path ../../node_modules/ 964 KiB
  modules by path ../../node_modules/@temporalio/ 332 KiB 55 modules
  modules by path ../../node_modules/nexus-rpc/lib/ 25.6 KiB 17 modules
  + 4 modules
modules by path ./dist/ 61.3 KiB
  modules by path ./dist/apps/orchestrator/src/workflows/ 60.1 KiB 13 modules
  modules by path ./dist/libraries/nestjs-libraries/src/ 803 bytes 2 modules
  modules by path ./dist/apps/orchestrator/src/signals/*.js 452 bytes 2 modules
optional modules 30 bytes [optional]
  __temporal_custom_payload_converter (ignored) 15 bytes [optional] [built] [code generated]
  __temporal_custom_failure_converter (ignored) 15 bytes [optional] [built] [code generated]
webpack 5.105.4 compiled successfully in 351 ms { sdkComponent: 'worker', taskQueue: 'medium' }
2026-07-06T03:30:53.471Z [INFO] Workflow bundle created { sdkComponent: 'worker', taskQueue: 'medium', size: '3.01MB' }
2026-07-06T03:30:54.064Z [INFO] asset workflow-bundle-26aefc58992e2f34aac2.js 3.01 MiB [emitted] [immutable] (name: main)
runtime modules 1010 bytes 5 modules
modules by path ../../node_modules/ 964 KiB
  modules by path ../../node_modules/@temporalio/ 332 KiB 55 modules
  modules by path ../../node_modules/nexus-rpc/lib/ 25.6 KiB 17 modules
  + 4 modules
modules by path ./dist/ 61.3 KiB
  modules by path ./dist/apps/orchestrator/src/workflows/ 60.1 KiB 13 modules
  modules by path ./dist/libraries/nestjs-libraries/src/ 803 bytes 2 modules
  modules by path ./dist/apps/orchestrator/src/signals/*.js 452 bytes 2 modules
optional modules 30 bytes [optional]
  __temporal_custom_payload_converter (ignored) 15 bytes [optional] [built] [code generated]
  __temporal_custom_failure_converter (ignored) 15 bytes [optional] [built] [code generated]
webpack 5.105.4 compiled successfully in 302 ms { sdkComponent: 'worker', taskQueue: 'devto' }
2026-07-06T03:30:54.068Z [INFO] Workflow bundle created { sdkComponent: 'worker', taskQueue: 'devto', size: '3.01MB' }
2026-07-06T03:30:54.653Z [INFO] asset workflow-bundle-26aefc58992e2f34aac2.js 3.01 MiB [emitted] [immutable] (name: main)
runtime modules 1010 bytes 5 modules
modules by path ../../node_modules/ 964 KiB
  modules by path ../../node_modules/@temporalio/ 332 KiB 55 modules
  modules by path ../../node_modules/nexus-rpc/lib/ 25.6 KiB 17 modules
  + 4 modules
modules by path ./dist/ 61.3 KiB
  modules by path ./dist/apps/orchestrator/src/workflows/ 60.1 KiB 13 modules
  modules by path ./dist/libraries/nestjs-libraries/src/ 803 bytes 2 modules
  modules by path ./dist/apps/orchestrator/src/signals/*.js 452 bytes 2 modules
optional modules 30 bytes [optional]
  __temporal_custom_payload_converter (ignored) 15 bytes [optional] [built] [code generated]
  __temporal_custom_failure_converter (ignored) 15 bytes [optional] [built] [code generated]
webpack 5.105.4 compiled successfully in 382 ms { sdkComponent: 'worker', taskQueue: 'hashnode' }
2026-07-06T03:30:54.656Z [INFO] Workflow bundle created { sdkComponent: 'worker', taskQueue: 'hashnode', size: '3.01MB' }
2026-07-06T03:30:55.222Z [INFO] asset workflow-bundle-26aefc58992e2f34aac2.js 3.01 MiB [emitted] [immutable] (name: main)
runtime modules 1010 bytes 5 modules
modules by path ../../node_modules/ 964 KiB
  modules by path ../../node_modules/@temporalio/ 332 KiB 55 modules
  modules by path ../../node_modules/nexus-rpc/lib/ 25.6 KiB 17 modules
  + 4 modules
modules by path ./dist/ 61.3 KiB
  modules by path ./dist/apps/orchestrator/src/workflows/ 60.1 KiB 13 modules
  modules by path ./dist/libraries/nestjs-libraries/src/ 803 bytes 2 modules
  modules by path ./dist/apps/orchestrator/src/signals/*.js 452 bytes 2 modules
optional modules 30 bytes [optional]
  __temporal_custom_payload_converter (ignored) 15 bytes [optional] [built] [code generated]
  __temporal_custom_failure_converter (ignored) 15 bytes [optional] [built] [code generated]
webpack 5.105.4 compiled successfully in 346 ms { sdkComponent: 'worker', taskQueue: 'wordpress' }
2026-07-06T03:30:55.226Z [INFO] Workflow bundle created { sdkComponent: 'worker', taskQueue: 'wordpress', size: '3.01MB' }
2026-07-06T03:30:55.727Z [INFO] asset workflow-bundle-26aefc58992e2f34aac2.js 3.01 MiB [emitted] [immutable] (name: main)
runtime modules 1010 bytes 5 modules
modules by path ../../node_modules/ 964 KiB
  modules by path ../../node_modules/@temporalio/ 332 KiB 55 modules
  modules by path ../../node_modules/nexus-rpc/lib/ 25.6 KiB 17 modules
  + 4 modules
modules by path ./dist/ 61.3 KiB
  modules by path ./dist/apps/orchestrator/src/workflows/ 60.1 KiB 13 modules
  modules by path ./dist/libraries/nestjs-libraries/src/ 803 bytes 2 modules
  modules by path ./dist/apps/orchestrator/src/signals/*.js 452 bytes 2 modules
optional modules 30 bytes [optional]
  __temporal_custom_payload_converter (ignored) 15 bytes [optional] [built] [code generated]
  __temporal_custom_failure_converter (ignored) 15 bytes [optional] [built] [code generated]
webpack 5.105.4 compiled successfully in 304 ms { sdkComponent: 'worker', taskQueue: 'listmonk' }
2026-07-06T03:30:55.737Z [INFO] Workflow bundle created { sdkComponent: 'worker', taskQueue: 'listmonk', size: '3.01MB' }
2026-07-06T03:30:56.243Z [INFO] asset workflow-bundle-26aefc58992e2f34aac2.js 3.01 MiB [emitted] [immutable] (name: main)
runtime modules 1010 bytes 5 modules
modules by path ../../node_modules/ 964 KiB
  modules by path ../../node_modules/@temporalio/ 332 KiB 55 modules
  modules by path ../../node_modules/nexus-rpc/lib/ 25.6 KiB 17 modules
  + 4 modules
modules by path ./dist/ 61.3 KiB
  modules by path ./dist/apps/orchestrator/src/workflows/ 60.1 KiB 13 modules
  modules by path ./dist/libraries/nestjs-libraries/src/ 803 bytes 2 modules
  modules by path ./dist/apps/orchestrator/src/signals/*.js 452 bytes 2 modules
optional modules 30 bytes [optional]
  __temporal_custom_payload_converter (ignored) 15 bytes [optional] [built] [code generated]
  __temporal_custom_failure_converter (ignored) 15 bytes [optional] [built] [code generated]
webpack 5.105.4 compiled successfully in 292 ms { sdkComponent: 'worker', taskQueue: 'moltbook' }
2026-07-06T03:30:56.246Z [INFO] Workflow bundle created { sdkComponent: 'worker', taskQueue: 'moltbook', size: '3.01MB' }
2026-07-06T03:30:56.739Z [INFO] asset workflow-bundle-26aefc58992e2f34aac2.js 3.01 MiB [emitted] [immutable] (name: main)
runtime modules 1010 bytes 5 modules
modules by path ../../node_modules/ 964 KiB
  modules by path ../../node_modules/@temporalio/ 332 KiB 55 modules
  modules by path ../../node_modules/nexus-rpc/lib/ 25.6 KiB 17 modules
  + 4 modules
modules by path ./dist/ 61.3 KiB
  modules by path ./dist/apps/orchestrator/src/workflows/ 60.1 KiB 13 modules
  modules by path ./dist/libraries/nestjs-libraries/src/ 803 bytes 2 modules
  modules by path ./dist/apps/orchestrator/src/signals/*.js 452 bytes 2 modules
optional modules 30 bytes [optional]
  __temporal_custom_payload_converter (ignored) 15 bytes [optional] [built] [code generated]
  __temporal_custom_failure_converter (ignored) 15 bytes [optional] [built] [code generated]
webpack 5.105.4 compiled successfully in 288 ms { sdkComponent: 'worker', taskQueue: 'whop' }
2026-07-06T03:30:56.743Z [INFO] Workflow bundle created { sdkComponent: 'worker', taskQueue: 'whop', size: '3.01MB' }
2026-07-06T03:30:57.347Z [INFO] asset workflow-bundle-26aefc58992e2f34aac2.js 3.01 MiB [emitted] [immutable] (name: main)
runtime modules 1010 bytes 5 modules
modules by path ../../node_modules/ 964 KiB
  modules by path ../../node_modules/@temporalio/ 332 KiB 55 modules
  modules by path ../../node_modules/nexus-rpc/lib/ 25.6 KiB 17 modules
  + 4 modules
modules by path ./dist/ 61.3 KiB
  modules by path ./dist/apps/orchestrator/src/workflows/ 60.1 KiB 13 modules
  modules by path ./dist/libraries/nestjs-libraries/src/ 803 bytes 2 modules
  modules by path ./dist/apps/orchestrator/src/signals/*.js 452 bytes 2 modules
optional modules 30 bytes [optional]
  __temporal_custom_payload_converter (ignored) 15 bytes [optional] [built] [code generated]
  __temporal_custom_failure_converter (ignored) 15 bytes [optional] [built] [code generated]
webpack 5.105.4 compiled successfully in 324 ms { sdkComponent: 'worker', taskQueue: 'skool' }
2026-07-06T03:30:57.350Z [INFO] Workflow bundle created { sdkComponent: 'worker', taskQueue: 'skool', size: '3.01MB' }
2026-07-06T03:30:57.843Z [INFO] asset workflow-bundle-26aefc58992e2f34aac2.js 3.01 MiB [emitted] [immutable] (name: main)
runtime modules 1010 bytes 5 modules
modules by path ../../node_modules/ 964 KiB
  modules by path ../../node_modules/@temporalio/ 332 KiB 55 modules
  modules by path ../../node_modules/nexus-rpc/lib/ 25.6 KiB 17 modules
  + 4 modules
modules by path ./dist/ 61.3 KiB
  modules by path ./dist/apps/orchestrator/src/workflows/ 60.1 KiB 13 modules
  modules by path ./dist/libraries/nestjs-libraries/src/ 803 bytes 2 modules
  modules by path ./dist/apps/orchestrator/src/signals/*.js 452 bytes 2 modules
optional modules 30 bytes [optional]
  __temporal_custom_payload_converter (ignored) 15 bytes [optional] [built] [code generated]
  __temporal_custom_failure_converter (ignored) 15 bytes [optional] [built] [code generated]
webpack 5.105.4 compiled successfully in 306 ms { sdkComponent: 'worker', taskQueue: 'mewe' }
2026-07-06T03:30:57.847Z [INFO] Workflow bundle created { sdkComponent: 'worker', taskQueue: 'mewe', size: '3.01MB' }
2026-07-06T03:30:58.069Z [INFO] Worker state changed { sdkComponent: 'worker', taskQueue: 'main', state: 'RUNNING' }
2026-07-06T03:30:58.070Z [INFO] No Nexus services registered, not polling for Nexus tasks { sdkComponent: 'worker', taskQueue: 'main' }
2026-07-06T03:30:58.071Z [INFO] Worker state changed { sdkComponent: 'worker', taskQueue: 'x', state: 'RUNNING' }
2026-07-06T03:30:58.071Z [INFO] No Nexus services registered, not polling for Nexus tasks { sdkComponent: 'worker', taskQueue: 'x' }
2026-07-06T03:30:58.071Z [INFO] Worker state changed { sdkComponent: 'worker', taskQueue: 'linkedin', state: 'RUNNING' }
2026-07-06T03:30:58.071Z [INFO] No Nexus services registered, not polling for Nexus tasks { sdkComponent: 'worker', taskQueue: 'linkedin' }
2026-07-06T03:30:58.071Z [INFO] Worker state changed { sdkComponent: 'worker', taskQueue: 'reddit', state: 'RUNNING' }
2026-07-06T03:30:58.071Z [INFO] No Nexus services registered, not polling for Nexus tasks { sdkComponent: 'worker', taskQueue: 'reddit' }
2026-07-06T03:30:58.072Z [INFO] Worker state changed { sdkComponent: 'worker', taskQueue: 'instagram', state: 'RUNNING' }
2026-07-06T03:30:58.072Z [INFO] No Nexus services registered, not polling for Nexus tasks { sdkComponent: 'worker', taskQueue: 'instagram' }
2026-07-06T03:30:58.072Z [INFO] Worker state changed { sdkComponent: 'worker', taskQueue: 'facebook', state: 'RUNNING' }
2026-07-06T03:30:58.072Z [INFO] No Nexus services registered, not polling for Nexus tasks { sdkComponent: 'worker', taskQueue: 'facebook' }
2026-07-06T03:30:58.072Z [INFO] Worker state changed { sdkComponent: 'worker', taskQueue: 'threads', state: 'RUNNING' }
2026-07-06T03:30:58.072Z [INFO] No Nexus services registered, not polling for Nexus tasks { sdkComponent: 'worker', taskQueue: 'threads' }
2026-07-06T03:30:58.072Z [INFO] Worker state changed { sdkComponent: 'worker', taskQueue: 'youtube', state: 'RUNNING' }
2026-07-06T03:30:58.072Z [INFO] No Nexus services registered, not polling for Nexus tasks { sdkComponent: 'worker', taskQueue: 'youtube' }
2026-07-06T03:30:58.073Z [INFO] Worker state changed { sdkComponent: 'worker', taskQueue: 'gmb', state: 'RUNNING' }
2026-07-06T03:30:58.073Z [INFO] No Nexus services registered, not polling for Nexus tasks { sdkComponent: 'worker', taskQueue: 'gmb' }
2026-07-06T03:30:58.073Z [INFO] Worker state changed { sdkComponent: 'worker', taskQueue: 'tiktok', state: 'RUNNING' }
2026-07-06T03:30:58.073Z [INFO] No Nexus services registered, not polling for Nexus tasks { sdkComponent: 'worker', taskQueue: 'tiktok' }
2026-07-06T03:30:58.073Z [INFO] Worker state changed { sdkComponent: 'worker', taskQueue: 'pinterest', state: 'RUNNING' }
2026-07-06T03:30:58.073Z [INFO] No Nexus services registered, not polling for Nexus tasks { sdkComponent: 'worker', taskQueue: 'pinterest' }
2026-07-06T03:30:58.073Z [INFO] Worker state changed { sdkComponent: 'worker', taskQueue: 'dribbble', state: 'RUNNING' }
2026-07-06T03:30:58.073Z [INFO] No Nexus services registered, not polling for Nexus tasks { sdkComponent: 'worker', taskQueue: 'dribbble' }
2026-07-06T03:30:58.073Z [INFO] Worker state changed { sdkComponent: 'worker', taskQueue: 'discord', state: 'RUNNING' }
2026-07-06T03:30:58.073Z [INFO] No Nexus services registered, not polling for Nexus tasks { sdkComponent: 'worker', taskQueue: 'discord' }
2026-07-06T03:30:58.074Z [INFO] Worker state changed { sdkComponent: 'worker', taskQueue: 'slack', state: 'RUNNING' }
2026-07-06T03:30:58.074Z [INFO] No Nexus services registered, not polling for Nexus tasks { sdkComponent: 'worker', taskQueue: 'slack' }
2026-07-06T03:30:58.074Z [INFO] Worker state changed { sdkComponent: 'worker', taskQueue: 'kick', state: 'RUNNING' }
2026-07-06T03:30:58.074Z [INFO] No Nexus services registered, not polling for Nexus tasks { sdkComponent: 'worker', taskQueue: 'kick' }
2026-07-06T03:30:58.074Z [INFO] Worker state changed { sdkComponent: 'worker', taskQueue: 'twitch', state: 'RUNNING' }
2026-07-06T03:30:58.074Z [INFO] No Nexus services registered, not polling for Nexus tasks { sdkComponent: 'worker', taskQueue: 'twitch' }
2026-07-06T03:30:58.074Z [INFO] Worker state changed { sdkComponent: 'worker', taskQueue: 'mastodon', state: 'RUNNING' }
2026-07-06T03:30:58.074Z [INFO] No Nexus services registered, not polling for Nexus tasks { sdkComponent: 'worker', taskQueue: 'mastodon' }
2026-07-06T03:30:58.075Z [INFO] Worker state changed { sdkComponent: 'worker', taskQueue: 'bluesky', state: 'RUNNING' }
2026-07-06T03:30:58.075Z [INFO] No Nexus services registered, not polling for Nexus tasks { sdkComponent: 'worker', taskQueue: 'bluesky' }
2026-07-06T03:30:58.075Z [INFO] Worker state changed { sdkComponent: 'worker', taskQueue: 'lemmy', state: 'RUNNING' }
2026-07-06T03:30:58.075Z [INFO] No Nexus services registered, not polling for Nexus tasks { sdkComponent: 'worker', taskQueue: 'lemmy' }
2026-07-06T03:30:58.075Z [INFO] Worker state changed { sdkComponent: 'worker', taskQueue: 'wrapcast', state: 'RUNNING' }
2026-07-06T03:30:58.075Z [INFO] No Nexus services registered, not polling for Nexus tasks { sdkComponent: 'worker', taskQueue: 'wrapcast' }
2026-07-06T03:30:58.075Z [INFO] Worker state changed { sdkComponent: 'worker', taskQueue: 'telegram', state: 'RUNNING' }
2026-07-06T03:30:58.075Z [INFO] No Nexus services registered, not polling for Nexus tasks { sdkComponent: 'worker', taskQueue: 'telegram' }
2026-07-06T03:30:58.075Z [INFO] Worker state changed { sdkComponent: 'worker', taskQueue: 'nostr', state: 'RUNNING' }
2026-07-06T03:30:58.075Z [INFO] No Nexus services registered, not polling for Nexus tasks { sdkComponent: 'worker', taskQueue: 'nostr' }
2026-07-06T03:30:58.075Z [INFO] Worker state changed { sdkComponent: 'worker', taskQueue: 'vk', state: 'RUNNING' }
2026-07-06T03:30:58.076Z [INFO] No Nexus services registered, not polling for Nexus tasks { sdkComponent: 'worker', taskQueue: 'vk' }
2026-07-06T03:30:58.076Z [INFO] Worker state changed { sdkComponent: 'worker', taskQueue: 'medium', state: 'RUNNING' }
2026-07-06T03:30:58.076Z [INFO] No Nexus services registered, not polling for Nexus tasks { sdkComponent: 'worker', taskQueue: 'medium' }
2026-07-06T03:30:58.076Z [INFO] Worker state changed { sdkComponent: 'worker', taskQueue: 'devto', state: 'RUNNING' }
2026-07-06T03:30:58.076Z [INFO] No Nexus services registered, not polling for Nexus tasks { sdkComponent: 'worker', taskQueue: 'devto' }
2026-07-06T03:30:58.076Z [INFO] Worker state changed { sdkComponent: 'worker', taskQueue: 'hashnode', state: 'RUNNING' }
2026-07-06T03:30:58.076Z [INFO] No Nexus services registered, not polling for Nexus tasks { sdkComponent: 'worker', taskQueue: 'hashnode' }
2026-07-06T03:30:58.076Z [INFO] Worker state changed { sdkComponent: 'worker', taskQueue: 'wordpress', state: 'RUNNING' }
2026-07-06T03:30:58.076Z [INFO] No Nexus services registered, not polling for Nexus tasks { sdkComponent: 'worker', taskQueue: 'wordpress' }
2026-07-06T03:30:58.076Z [INFO] Worker state changed { sdkComponent: 'worker', taskQueue: 'listmonk', state: 'RUNNING' }
2026-07-06T03:30:58.076Z [INFO] No Nexus services registered, not polling for Nexus tasks { sdkComponent: 'worker', taskQueue: 'listmonk' }
2026-07-06T03:30:58.076Z [INFO] Worker state changed { sdkComponent: 'worker', taskQueue: 'moltbook', state: 'RUNNING' }
2026-07-06T03:30:58.076Z [INFO] No Nexus services registered, not polling for Nexus tasks { sdkComponent: 'worker', taskQueue: 'moltbook' }
2026-07-06T03:30:58.076Z [INFO] Worker state changed { sdkComponent: 'worker', taskQueue: 'whop', state: 'RUNNING' }
2026-07-06T03:30:58.076Z [INFO] No Nexus services registered, not polling for Nexus tasks { sdkComponent: 'worker', taskQueue: 'whop' }
2026-07-06T03:30:58.076Z [INFO] Worker state changed { sdkComponent: 'worker', taskQueue: 'skool', state: 'RUNNING' }
2026-07-06T03:30:58.076Z [INFO] No Nexus services registered, not polling for Nexus tasks { sdkComponent: 'worker', taskQueue: 'skool' }
2026-07-06T03:30:58.076Z [INFO] Worker state changed { sdkComponent: 'worker', taskQueue: 'mewe', state: 'RUNNING' }
2026-07-06T03:30:58.076Z [INFO] No Nexus services registered, not polling for Nexus tasks { sdkComponent: 'worker', taskQueue: 'mewe' }
[Nest] 30935  - 07/06/2026, 11:30:58 AM     LOG [NestApplication] Nest application successfully started +18547ms
Orchestrator health check listening on port 3002
[Nest] 30935  - 07/06/2026, 11:57:27 AM     LOG [TemporalConnectionFactory] Cleaning up all connections...
[Nest] 30935  - 07/06/2026, 11:57:27 AM     LOG [TemporalConnectionFactory] TemporalConnectionFactory
[Nest] 30935  - 07/06/2026, 11:57:27 AM     LOG [TemporalConnectionFactory] Connection cleanup completed
[Nest] 30935  - 07/06/2026, 11:57:27 AM     LOG [TemporalConnectionFactory] TemporalConnectionFactory
2026-07-06T03:57:27.379Z [INFO] Worker state changed { sdkComponent: 'worker', taskQueue: 'main', state: 'STOPPING' }
2026-07-06T03:57:27.383Z [INFO] Worker state changed { sdkComponent: 'worker', taskQueue: 'main', state: 'DRAINING' }
2026-07-06T03:57:27.384Z [INFO] Worker state changed { sdkComponent: 'worker', taskQueue: 'x', state: 'STOPPING' }
2026-07-06T03:57:27.384Z [INFO] Worker state changed { sdkComponent: 'worker', taskQueue: 'x', state: 'DRAINING' }
2026-07-06T03:57:27.384Z [INFO] Worker state changed { sdkComponent: 'worker', taskQueue: 'linkedin', state: 'STOPPING' }
2026-07-06T03:57:27.384Z [INFO] Worker state changed { sdkComponent: 'worker', taskQueue: 'linkedin', state: 'DRAINING' }
2026-07-06T03:57:27.385Z [INFO] Worker state changed { sdkComponent: 'worker', taskQueue: 'reddit', state: 'STOPPING' }
2026-07-06T03:57:27.389Z [INFO] Worker state changed { sdkComponent: 'worker', taskQueue: 'reddit', state: 'DRAINING' }
2026-07-06T03:57:27.389Z [INFO] Worker state changed { sdkComponent: 'worker', taskQueue: 'instagram', state: 'STOPPING' }
2026-07-06T03:57:27.393Z [INFO] Worker state changed { sdkComponent: 'worker', taskQueue: 'instagram', state: 'DRAINING' }
2026-07-06T03:57:27.393Z [INFO] Worker state changed { sdkComponent: 'worker', taskQueue: 'facebook', state: 'STOPPING' }
2026-07-06T03:57:27.396Z [INFO] Worker state changed { sdkComponent: 'worker', taskQueue: 'facebook', state: 'DRAINING' }
2026-07-06T03:57:27.396Z [INFO] Worker state changed { sdkComponent: 'worker', taskQueue: 'threads', state: 'STOPPING' }
2026-07-06T03:57:27.397Z [INFO] Worker state changed { sdkComponent: 'worker', taskQueue: 'threads', state: 'DRAINING' }
2026-07-06T03:57:27.398Z [INFO] Worker state changed { sdkComponent: 'worker', taskQueue: 'youtube', state: 'STOPPING' }
2026-07-06T03:57:27.398Z [INFO] Worker state changed { sdkComponent: 'worker', taskQueue: 'youtube', state: 'DRAINING' }
2026-07-06T03:57:27.399Z [INFO] Worker state changed { sdkComponent: 'worker', taskQueue: 'gmb', state: 'STOPPING' }
2026-07-06T03:57:27.399Z [INFO] Worker state changed { sdkComponent: 'worker', taskQueue: 'gmb', state: 'DRAINING' }
2026-07-06T03:57:27.406Z [INFO] Worker state changed { sdkComponent: 'worker', taskQueue: 'tiktok', state: 'STOPPING' }
2026-07-06T03:57:27.407Z [INFO] Worker state changed { sdkComponent: 'worker', taskQueue: 'tiktok', state: 'DRAINING' }
2026-07-06T03:57:27.407Z [INFO] Worker state changed { sdkComponent: 'worker', taskQueue: 'pinterest', state: 'STOPPING' }
2026-07-06T03:57:27.412Z [INFO] Worker state changed { sdkComponent: 'worker', taskQueue: 'pinterest', state: 'DRAINING' }
2026-07-06T03:57:27.413Z [INFO] Worker state changed { sdkComponent: 'worker', taskQueue: 'dribbble', state: 'STOPPING' }
2026-07-06T03:57:27.413Z [INFO] Worker state changed { sdkComponent: 'worker', taskQueue: 'dribbble', state: 'DRAINING' }
2026-07-06T03:57:27.414Z [INFO] Worker state changed { sdkComponent: 'worker', taskQueue: 'discord', state: 'STOPPING' }
2026-07-06T03:57:27.416Z [INFO] Worker state changed { sdkComponent: 'worker', taskQueue: 'discord', state: 'DRAINING' }
2026-07-06T03:57:27.417Z [INFO] Worker state changed { sdkComponent: 'worker', taskQueue: 'slack', state: 'STOPPING' }
2026-07-06T03:57:27.417Z [INFO] Worker state changed { sdkComponent: 'worker', taskQueue: 'slack', state: 'DRAINING' }
2026-07-06T03:57:27.418Z [INFO] Worker state changed { sdkComponent: 'worker', taskQueue: 'kick', state: 'STOPPING' }
2026-07-06T03:57:27.420Z [INFO] Worker state changed { sdkComponent: 'worker', taskQueue: 'kick', state: 'DRAINING' }
2026-07-06T03:57:27.420Z [INFO] Worker state changed { sdkComponent: 'worker', taskQueue: 'twitch', state: 'STOPPING' }
2026-07-06T03:57:27.420Z [INFO] Worker state changed { sdkComponent: 'worker', taskQueue: 'twitch', state: 'DRAINING' }
2026-07-06T03:57:27.421Z [INFO] Worker state changed { sdkComponent: 'worker', taskQueue: 'mastodon', state: 'STOPPING' }
2026-07-06T03:57:27.421Z [INFO] Worker state changed { sdkComponent: 'worker', taskQueue: 'mastodon', state: 'DRAINING' }
2026-07-06T03:57:27.421Z [INFO] Worker state changed { sdkComponent: 'worker', taskQueue: 'bluesky', state: 'STOPPING' }
2026-07-06T03:57:27.421Z [INFO] Worker state changed { sdkComponent: 'worker', taskQueue: 'bluesky', state: 'DRAINING' }
2026-07-06T03:57:27.421Z [INFO] Worker state changed { sdkComponent: 'worker', taskQueue: 'lemmy', state: 'STOPPING' }
2026-07-06T03:57:27.421Z [INFO] Worker state changed { sdkComponent: 'worker', taskQueue: 'lemmy', state: 'DRAINING' }
2026-07-06T03:57:27.421Z [INFO] Worker state changed { sdkComponent: 'worker', taskQueue: 'wrapcast', state: 'STOPPING' }
2026-07-06T03:57:27.423Z [INFO] Worker state changed { sdkComponent: 'worker', taskQueue: 'wrapcast', state: 'DRAINING' }
2026-07-06T03:57:27.423Z [INFO] Worker state changed { sdkComponent: 'worker', taskQueue: 'telegram', state: 'STOPPING' }
2026-07-06T03:57:27.423Z [INFO] Worker state changed { sdkComponent: 'worker', taskQueue: 'telegram', state: 'DRAINING' }
2026-07-06T03:57:27.423Z [INFO] Worker state changed { sdkComponent: 'worker', taskQueue: 'nostr', state: 'STOPPING' }
2026-07-06T03:57:27.423Z [INFO] Worker state changed { sdkComponent: 'worker', taskQueue: 'nostr', state: 'DRAINING' }
2026-07-06T03:57:27.423Z [INFO] Worker state changed { sdkComponent: 'worker', taskQueue: 'vk', state: 'STOPPING' }
2026-07-06T03:57:27.423Z [INFO] Worker state changed { sdkComponent: 'worker', taskQueue: 'vk', state: 'DRAINING' }
2026-07-06T03:57:27.423Z [INFO] Worker state changed { sdkComponent: 'worker', taskQueue: 'medium', state: 'STOPPING' }
2026-07-06T03:57:27.425Z [INFO] Worker state changed { sdkComponent: 'worker', taskQueue: 'medium', state: 'DRAINING' }
2026-07-06T03:57:27.425Z [INFO] Worker state changed { sdkComponent: 'worker', taskQueue: 'devto', state: 'STOPPING' }
2026-07-06T03:57:27.426Z [INFO] Worker state changed { sdkComponent: 'worker', taskQueue: 'devto', state: 'DRAINING' }
2026-07-06T03:57:27.426Z [INFO] Worker state changed { sdkComponent: 'worker', taskQueue: 'hashnode', state: 'STOPPING' }
2026-07-06T03:57:27.426Z [INFO] Worker state changed { sdkComponent: 'worker', taskQueue: 'hashnode', state: 'DRAINING' }
2026-07-06T03:57:27.426Z [INFO] Worker state changed { sdkComponent: 'worker', taskQueue: 'wordpress', state: 'STOPPING' }
2026-07-06T03:57:27.426Z [INFO] Worker state changed { sdkComponent: 'worker', taskQueue: 'wordpress', state: 'DRAINING' }
2026-07-06T03:57:27.426Z [INFO] Worker state changed { sdkComponent: 'worker', taskQueue: 'listmonk', state: 'STOPPING' }
2026-07-06T03:57:27.426Z [INFO] Worker state changed { sdkComponent: 'worker', taskQueue: 'listmonk', state: 'DRAINING' }
2026-07-06T03:57:27.426Z [INFO] Worker state changed { sdkComponent: 'worker', taskQueue: 'moltbook', state: 'STOPPING' }
2026-07-06T03:57:27.426Z [INFO] Worker state changed { sdkComponent: 'worker', taskQueue: 'moltbook', state: 'DRAINING' }
2026-07-06T03:57:27.426Z [INFO] Worker state changed { sdkComponent: 'worker', taskQueue: 'whop', state: 'STOPPING' }
2026-07-06T03:57:27.426Z [INFO] Worker state changed { sdkComponent: 'worker', taskQueue: 'whop', state: 'DRAINING' }
2026-07-06T03:57:27.426Z [INFO] Worker state changed { sdkComponent: 'worker', taskQueue: 'skool', state: 'STOPPING' }
2026-07-06T03:57:27.426Z [INFO] Worker state changed { sdkComponent: 'worker', taskQueue: 'skool', state: 'DRAINING' }
2026-07-06T03:57:27.426Z [INFO] Worker state changed { sdkComponent: 'worker', taskQueue: 'mewe', state: 'STOPPING' }
2026-07-06T03:57:27.427Z [INFO] Worker state changed { sdkComponent: 'worker', taskQueue: 'mewe', state: 'DRAINING' }
2026-07-06T03:57:27.453Z [INFO] Worker state changed { sdkComponent: 'worker', taskQueue: 'instagram', state: 'DRAINED' }
2026-07-06T03:57:27.453Z [INFO] Worker state changed { sdkComponent: 'worker', taskQueue: 'instagram', state: 'STOPPED' }
2026-07-06T03:57:27.456Z [INFO] Worker state changed { sdkComponent: 'worker', taskQueue: 'linkedin', state: 'DRAINED' }
2026-07-06T03:57:27.456Z [INFO] Worker state changed { sdkComponent: 'worker', taskQueue: 'linkedin', state: 'STOPPED' }
2026-07-06T03:57:27.456Z [INFO] Worker state changed { sdkComponent: 'worker', taskQueue: 'facebook', state: 'DRAINED' }
2026-07-06T03:57:27.456Z [INFO] Worker state changed { sdkComponent: 'worker', taskQueue: 'facebook', state: 'STOPPED' }
2026-07-06T03:57:27.456Z [INFO] Worker state changed { sdkComponent: 'worker', taskQueue: 'youtube', state: 'DRAINED' }
2026-07-06T03:57:27.456Z [INFO] Worker state changed { sdkComponent: 'worker', taskQueue: 'youtube', state: 'STOPPED' }
2026-07-06T03:57:27.457Z [INFO] Worker state changed { sdkComponent: 'worker', taskQueue: 'x', state: 'DRAINED' }
2026-07-06T03:57:27.457Z [INFO] Worker state changed { sdkComponent: 'worker', taskQueue: 'x', state: 'STOPPED' }
2026-07-06T03:57:27.457Z [INFO] Worker state changed { sdkComponent: 'worker', taskQueue: 'threads', state: 'DRAINED' }
2026-07-06T03:57:27.457Z [INFO] Worker state changed { sdkComponent: 'worker', taskQueue: 'threads', state: 'STOPPED' }
2026-07-06T03:57:27.457Z [INFO] Worker state changed { sdkComponent: 'worker', taskQueue: 'reddit', state: 'DRAINED' }
2026-07-06T03:57:27.458Z [INFO] Worker state changed { sdkComponent: 'worker', taskQueue: 'reddit', state: 'STOPPED' }
2026-07-06T03:57:27.458Z [INFO] Worker state changed { sdkComponent: 'worker', taskQueue: 'gmb', state: 'DRAINED' }
2026-07-06T03:57:27.458Z [INFO] Worker state changed { sdkComponent: 'worker', taskQueue: 'gmb', state: 'STOPPED' }
2026-07-06T03:57:27.458Z [INFO] Worker state changed { sdkComponent: 'worker', taskQueue: 'tiktok', state: 'DRAINED' }
2026-07-06T03:57:27.458Z [INFO] Worker state changed { sdkComponent: 'worker', taskQueue: 'tiktok', state: 'STOPPED' }
2026-07-06T03:57:27.460Z [INFO] Worker state changed { sdkComponent: 'worker', taskQueue: 'pinterest', state: 'DRAINED' }
2026-07-06T03:57:27.460Z [INFO] Worker state changed { sdkComponent: 'worker', taskQueue: 'pinterest', state: 'STOPPED' }
2026-07-06T03:57:27.460Z [INFO] Worker state changed { sdkComponent: 'worker', taskQueue: 'slack', state: 'DRAINED' }
2026-07-06T03:57:27.460Z [INFO] Worker state changed { sdkComponent: 'worker', taskQueue: 'slack', state: 'STOPPED' }
2026-07-06T03:57:27.460Z [INFO] Worker state changed { sdkComponent: 'worker', taskQueue: 'discord', state: 'DRAINED' }
2026-07-06T03:57:27.460Z [INFO] Worker state changed { sdkComponent: 'worker', taskQueue: 'discord', state: 'STOPPED' }
2026-07-06T03:57:27.460Z [INFO] Worker state changed { sdkComponent: 'worker', taskQueue: 'twitch', state: 'DRAINED' }
2026-07-06T03:57:27.460Z [INFO] Worker state changed { sdkComponent: 'worker', taskQueue: 'twitch', state: 'STOPPED' }
2026-07-06T03:57:27.460Z [INFO] Worker state changed { sdkComponent: 'worker', taskQueue: 'dribbble', state: 'DRAINED' }
2026-07-06T03:57:27.460Z [INFO] Worker state changed { sdkComponent: 'worker', taskQueue: 'dribbble', state: 'STOPPED' }
2026-07-06T03:57:27.462Z [INFO] Worker state changed { sdkComponent: 'worker', taskQueue: 'wordpress', state: 'DRAINED' }
2026-07-06T03:57:27.462Z [INFO] Worker state changed { sdkComponent: 'worker', taskQueue: 'wordpress', state: 'STOPPED' }
2026-07-06T03:57:27.462Z [INFO] Worker state changed { sdkComponent: 'worker', taskQueue: 'lemmy', state: 'DRAINED' }
2026-07-06T03:57:27.462Z [INFO] Worker state changed { sdkComponent: 'worker', taskQueue: 'lemmy', state: 'STOPPED' }
2026-07-06T03:57:27.462Z [INFO] Worker state changed { sdkComponent: 'worker', taskQueue: 'listmonk', state: 'DRAINED' }
2026-07-06T03:57:27.462Z [INFO] Worker state changed { sdkComponent: 'worker', taskQueue: 'listmonk', state: 'STOPPED' }
2026-07-06T03:57:27.462Z [INFO] Worker state changed { sdkComponent: 'worker', taskQueue: 'wrapcast', state: 'DRAINED' }
2026-07-06T03:57:27.462Z [INFO] Worker state changed { sdkComponent: 'worker', taskQueue: 'wrapcast', state: 'STOPPED' }
2026-07-06T03:57:27.462Z [INFO] Worker state changed { sdkComponent: 'worker', taskQueue: 'hashnode', state: 'DRAINED' }
2026-07-06T03:57:27.462Z [INFO] Worker state changed { sdkComponent: 'worker', taskQueue: 'hashnode', state: 'STOPPED' }
2026-07-06T03:57:27.462Z [INFO] Worker state changed { sdkComponent: 'worker', taskQueue: 'devto', state: 'DRAINED' }
2026-07-06T03:57:27.462Z [INFO] Worker state changed { sdkComponent: 'worker', taskQueue: 'devto', state: 'STOPPED' }
2026-07-06T03:57:27.462Z [INFO] Worker state changed { sdkComponent: 'worker', taskQueue: 'mewe', state: 'DRAINED' }
2026-07-06T03:57:27.462Z [INFO] Worker state changed { sdkComponent: 'worker', taskQueue: 'mewe', state: 'STOPPED' }
2026-07-06T03:57:27.462Z [INFO] Worker state changed { sdkComponent: 'worker', taskQueue: 'nostr', state: 'DRAINED' }
2026-07-06T03:57:27.463Z [INFO] Worker state changed { sdkComponent: 'worker', taskQueue: 'nostr', state: 'STOPPED' }
2026-07-06T03:57:27.463Z [INFO] Worker state changed { sdkComponent: 'worker', taskQueue: 'telegram', state: 'DRAINED' }
2026-07-06T03:57:27.463Z [INFO] Worker state changed { sdkComponent: 'worker', taskQueue: 'telegram', state: 'STOPPED' }
2026-07-06T03:57:27.463Z [INFO] Worker state changed { sdkComponent: 'worker', taskQueue: 'medium', state: 'DRAINED' }
2026-07-06T03:57:27.463Z [INFO] Worker state changed { sdkComponent: 'worker', taskQueue: 'medium', state: 'STOPPED' }
2026-07-06T03:57:27.463Z [INFO] Worker state changed { sdkComponent: 'worker', taskQueue: 'whop', state: 'DRAINED' }
2026-07-06T03:57:27.463Z [INFO] Worker state changed { sdkComponent: 'worker', taskQueue: 'whop', state: 'STOPPED' }
2026-07-06T03:57:27.463Z [INFO] Worker state changed { sdkComponent: 'worker', taskQueue: 'mastodon', state: 'DRAINED' }
2026-07-06T03:57:27.463Z [INFO] Worker state changed { sdkComponent: 'worker', taskQueue: 'mastodon', state: 'STOPPED' }
2026-07-06T03:57:27.463Z [INFO] Worker state changed { sdkComponent: 'worker', taskQueue: 'vk', state: 'DRAINED' }
2026-07-06T03:57:27.463Z [INFO] Worker state changed { sdkComponent: 'worker', taskQueue: 'vk', state: 'STOPPED' }
2026-07-06T03:57:27.463Z [INFO] Worker state changed { sdkComponent: 'worker', taskQueue: 'kick', state: 'DRAINED' }
2026-07-06T03:57:27.463Z [INFO] Worker state changed { sdkComponent: 'worker', taskQueue: 'kick', state: 'STOPPED' }
2026-07-06T03:57:27.463Z [INFO] Worker state changed { sdkComponent: 'worker', taskQueue: 'moltbook', state: 'DRAINED' }
2026-07-06T03:57:27.463Z [INFO] Worker state changed { sdkComponent: 'worker', taskQueue: 'moltbook', state: 'STOPPED' }
2026-07-06T03:57:27.463Z [INFO] Worker state changed { sdkComponent: 'worker', taskQueue: 'bluesky', state: 'DRAINED' }
2026-07-06T03:57:27.463Z [INFO] Worker state changed { sdkComponent: 'worker', taskQueue: 'bluesky', state: 'STOPPED' }
2026-07-06T03:57:27.463Z [INFO] Worker state changed { sdkComponent: 'worker', taskQueue: 'skool', state: 'DRAINED' }
2026-07-06T03:57:27.463Z [INFO] Worker state changed { sdkComponent: 'worker', taskQueue: 'skool', state: 'STOPPED' }
2026-07-06T03:57:27.513Z [INFO] Worker state changed { sdkComponent: 'worker', taskQueue: 'main', state: 'DRAINED' }
2026-07-06T03:57:27.513Z [INFO] Worker state changed { sdkComponent: 'worker', taskQueue: 'main', state: 'STOPPED' }
